0 info it worked if it ends with ok
1 verbose cli [ '/usr/local/bin/node', '/usr/local/bin/npm', 'run', 'deploy' ]
2 info using npm@3.10.5
3 info using node@v6.2.1
4 verbose run-script [ 'predeploy', 'deploy', 'postdeploy' ]
5 info lifecycle hello-world@0.0.1~predeploy: hello-world@0.0.1
6 silly lifecycle hello-world@0.0.1~predeploy: no script for predeploy, continuing
7 info lifecycle hello-world@0.0.1~deploy: hello-world@0.0.1
8 verbose lifecycle hello-world@0.0.1~deploy: unsafe-perm in lifecycle true
9 verbose lifecycle hello-world@0.0.1~deploy: PATH: /usr/local/lib/node_modules/npm/bin/node-gyp-bin:/Users/Rene/Documents/Private Data/Coding Bootcamp/GitHub/MakerSquare/NailedIT/Nailed-it/node_modules/.bin:/usr/local/bin:/usr/local/bin:/usr/bin:/bin:/usr/sbin:/sbin:/Library/TeX/texbin
10 verbose lifecycle hello-world@0.0.1~deploy: CWD: /Users/Rene/Documents/Private Data/Coding Bootcamp/GitHub/MakerSquare/NailedIT/Nailed-it
11 silly lifecycle hello-world@0.0.1~deploy: Args: [ '-c',
11 silly lifecycle   'npm run build && https://github.com/Nailed-it/Nailed-it.git deployed' ]
12 info lifecycle hello-world@0.0.1~deploy: Failed to exec deploy script
13 verbose stack Error: hello-world@0.0.1 deploy: `npm run build && https://github.com/Nailed-it/Nailed-it.git deployed`
13 verbose stack spawn ENOENT
13 verbose stack     at ChildProcess.<anonymous> (/usr/local/lib/node_modules/npm/lib/utils/spawn.js:33:16)
13 verbose stack     at emitTwo (events.js:106:13)
13 verbose stack     at ChildProcess.emit (events.js:191:7)
13 verbose stack     at maybeClose (internal/child_process.js:852:16)
13 verbose stack     at Process.ChildProcess._handle.onexit (internal/child_process.js:215:5)
14 verbose pkgid hello-world@0.0.1
15 verbose cwd /Users/Rene/Documents/Private Data/Coding Bootcamp/GitHub/MakerSquare/NailedIT/Nailed-it
16 error Darwin 16.0.0
17 error argv "/usr/local/bin/node" "/usr/local/bin/npm" "run" "deploy"
18 error node v6.2.1
19 error npm  v3.10.5
20 error file sh
21 error code ELIFECYCLE
22 error errno ENOENT
23 error syscall spawn
24 error hello-world@0.0.1 deploy: `npm run build && https://github.com/Nailed-it/Nailed-it.git deployed`
24 error spawn ENOENT
25 error Failed at the hello-world@0.0.1 deploy script 'npm run build && https://github.com/Nailed-it/Nailed-it.git deployed'.
25 error Make sure you have the latest version of node.js and npm installed.
25 error If you do, this is most likely a problem with the hello-world package,
25 error not with npm itself.
25 error Tell the author that this fails on your system:
25 error     npm run build && https://github.com/Nailed-it/Nailed-it.git deployed
25 error You can get information on how to open an issue for this project with:
25 error     npm bugs hello-world
25 error Or if that isn't available, you can get their info via:
25 error     npm owner ls hello-world
25 error There is likely additional logging output above.
26 verbose exit [ 1, true ]
